{"level":"info","ts":"Wed, 12 Feb 2025 17:41:51 MSK","msg":"Logger initialyzed!","In file mode:":true}
{"level":"info","ts":"Wed, 12 Feb 2025 17:41:51 MSK","msg":"✓ created users table!"}
{"level":"info","ts":"Wed, 12 Feb 2025 17:41:51 MSK","msg":"✓ created orders table!"}
{"level":"info","ts":"Wed, 12 Feb 2025 17:41:51 MSK","msg":"New server initialyzed!","Server addres:":":8082","DB info:":"host=localhost user=myuser password=123456 dbname=Gophermart sslmode=disable","Accur address:":"http://localhost:8083/"}
{"level":"info","ts":"Wed, 12 Feb 2025 17:41:54 MSK","msg":"Error in cookie","error":"http: named cookie not present"}
{"level":"info","ts":"Wed, 12 Feb 2025 17:41:54 MSK","msg":"Client has gzip header"}
{"level":"info","ts":"Wed, 12 Feb 2025 17:41:54 MSK","msg":"got incoming HTTP request","URI":"/api/user/register","method":"POST"}
{"level":"info","ts":"Wed, 12 Feb 2025 17:41:54 MSK","msg":"responce on request","status":200,"size":23,"duration":0.1477286}
{"level":"info","ts":"Wed, 12 Feb 2025 17:41:54 MSK","msg":"got incoming HTTP request","URI":"/api/user/orders","method":"POST"}
{"level":"info","ts":"Wed, 12 Feb 2025 17:41:54 MSK","msg":"responce on request","status":202,"size":0,"duration":0.0009953}
{"level":"info","ts":"Wed, 12 Feb 2025 17:41:55 MSK","msg":"got incoming HTTP request","URI":"/api/user/orders","method":"GET"}
{"level":"info","ts":"Wed, 12 Feb 2025 17:41:55 MSK","msg":"responce on request","status":200,"size":110,"duration":0.0015059}
{"level":"info","ts":"Wed, 12 Feb 2025 17:41:55 MSK","msg":"got incoming HTTP request","URI":"/api/user/balance","method":"GET"}
{"level":"info","ts":"Wed, 12 Feb 2025 17:41:55 MSK","msg":"responce on request","status":200,"size":32,"duration":0.000512}
{"level":"info","ts":"Wed, 12 Feb 2025 17:41:55 MSK","msg":"Client has gzip header"}
{"level":"info","ts":"Wed, 12 Feb 2025 17:41:55 MSK","msg":"got incoming HTTP request","URI":"/api/user/balance/withdraw","method":"POST"}
{"level":"info","ts":"Wed, 12 Feb 2025 17:41:55 MSK","msg":"responce on request","status":200,"size":23,"duration":0.1486088}
{"level":"info","ts":"Wed, 12 Feb 2025 17:41:55 MSK","msg":"got incoming HTTP request","URI":"/api/user/balance","method":"GET"}
{"level":"info","ts":"Wed, 12 Feb 2025 17:41:55 MSK","msg":"responce on request","status":200,"size":35,"duration":0.0005121}
{"level":"info","ts":"Wed, 12 Feb 2025 17:41:55 MSK","msg":"Client has gzip header"}
{"level":"info","ts":"Wed, 12 Feb 2025 17:41:55 MSK","msg":"got incoming HTTP request","URI":"/api/user/withdrawals","method":"GET"}
{"level":"info","ts":"Wed, 12 Feb 2025 17:41:55 MSK","msg":"responce on request","status":200,"size":102,"duration":0.0015063}
{"level":"info","ts":"Wed, 12 Feb 2025 17:41:55 MSK","msg":"Error in cookie","error":"http: named cookie not present"}
{"level":"info","ts":"Wed, 12 Feb 2025 17:41:55 MSK","msg":"Client has gzip header"}
{"level":"info","ts":"Wed, 12 Feb 2025 17:41:55 MSK","msg":"got incoming HTTP request","URI":"/api/user/register","method":"POST"}
{"level":"info","ts":"Wed, 12 Feb 2025 17:41:55 MSK","msg":"responce on request","status":200,"size":23,"duration":0.0005112}
{"level":"info","ts":"Wed, 12 Feb 2025 17:41:55 MSK","msg":"Error in cookie","error":"http: named cookie not present"}
{"level":"info","ts":"Wed, 12 Feb 2025 17:41:55 MSK","msg":"Client has gzip header"}
{"level":"info","ts":"Wed, 12 Feb 2025 17:41:55 MSK","msg":"got incoming HTTP request","URI":"/api/user/login","method":"POST"}
{"level":"info","ts":"Wed, 12 Feb 2025 17:41:55 MSK","msg":"responce on request","status":200,"size":23,"duration":0.0010176}
{"level":"info","ts":"Wed, 12 Feb 2025 17:41:55 MSK","msg":"Error in cookie","error":"http: named cookie not present"}
{"level":"info","ts":"Wed, 12 Feb 2025 17:41:55 MSK","msg":"User do not exist","path":"/api/user/orders"}
{"level":"info","ts":"Wed, 12 Feb 2025 17:41:55 MSK","msg":"got incoming HTTP request","URI":"/api/user/orders","method":"POST"}
{"level":"info","ts":"Wed, 12 Feb 2025 17:41:55 MSK","msg":"responce on request","status":401,"size":0,"duration":0}
{"level":"info","ts":"Wed, 12 Feb 2025 17:41:55 MSK","msg":"Error in cookie","error":"http: named cookie not present"}
{"level":"info","ts":"Wed, 12 Feb 2025 17:41:55 MSK","msg":"User do not exist","path":"/api/user/orders"}
{"level":"info","ts":"Wed, 12 Feb 2025 17:41:55 MSK","msg":"got incoming HTTP request","URI":"/api/user/orders","method":"GET"}
{"level":"info","ts":"Wed, 12 Feb 2025 17:41:55 MSK","msg":"responce on request","status":401,"size":0,"duration":0.0005088}
{"level":"info","ts":"Wed, 12 Feb 2025 17:41:55 MSK","msg":"Error in cookie","error":"http: named cookie not present"}
{"level":"info","ts":"Wed, 12 Feb 2025 17:41:55 MSK","msg":"Client has gzip header"}
{"level":"info","ts":"Wed, 12 Feb 2025 17:41:55 MSK","msg":"got incoming HTTP request","URI":"/api/user/register","method":"POST"}
{"level":"info","ts":"Wed, 12 Feb 2025 17:41:55 MSK","msg":"responce on request","status":200,"size":23,"duration":0.0010484}
{"level":"error","ts":"Wed, 12 Feb 2025 17:41:55 MSK","msg":"Wrong number for luhn","number":12345678902}
{"level":"info","ts":"Wed, 12 Feb 2025 17:41:55 MSK","msg":"got incoming HTTP request","URI":"/api/user/orders","method":"POST"}
{"level":"info","ts":"Wed, 12 Feb 2025 17:41:55 MSK","msg":"responce on request","status":422,"size":0,"duration":0}
{"level":"info","ts":"Wed, 12 Feb 2025 17:41:55 MSK","msg":"got incoming HTTP request","URI":"/api/user/orders","method":"POST"}
{"level":"info","ts":"Wed, 12 Feb 2025 17:41:55 MSK","msg":"responce on request","status":202,"size":0,"duration":0.0005092}
{"level":"info","ts":"Wed, 12 Feb 2025 17:41:55 MSK","msg":"User already has that number","number":521633,"UserID":"MlssiPSptyAzWAxH"}
{"level":"info","ts":"Wed, 12 Feb 2025 17:41:55 MSK","msg":"got incoming HTTP request","URI":"/api/user/orders","method":"POST"}
{"level":"info","ts":"Wed, 12 Feb 2025 17:41:55 MSK","msg":"responce on request","status":200,"size":0,"duration":0.002756}
{"level":"info","ts":"Wed, 12 Feb 2025 17:41:55 MSK","msg":"got incoming HTTP request","URI":"/api/user/orders","method":"GET"}
{"level":"info","ts":"Wed, 12 Feb 2025 17:41:55 MSK","msg":"responce on request","status":200,"size":78,"duration":0.0005133}
{"level":"info","ts":"Wed, 12 Feb 2025 17:41:55 MSK","msg":"Error in cookie","error":"http: named cookie not present"}
{"level":"info","ts":"Wed, 12 Feb 2025 17:41:55 MSK","msg":"Client has gzip header"}
{"level":"info","ts":"Wed, 12 Feb 2025 17:41:55 MSK","msg":"got incoming HTTP request","URI":"/api/user/register","method":"POST"}
{"level":"info","ts":"Wed, 12 Feb 2025 17:41:55 MSK","msg":"responce on request","status":200,"size":23,"duration":0.0016862}
{"level":"info","ts":"Wed, 12 Feb 2025 17:41:55 MSK","msg":"Another user has that number","number":521633}
{"level":"info","ts":"Wed, 12 Feb 2025 17:41:55 MSK","msg":"got incoming HTTP request","URI":"/api/user/orders","method":"POST"}
{"level":"info","ts":"Wed, 12 Feb 2025 17:41:55 MSK","msg":"responce on request","status":409,"size":0,"duration":0.0005092}
